Using pre-set license
Built from '2021.3/staging' branch; Version is '2021.3.14f1 (eee1884e7226) revision 15655304'; Using compiler version '192829333'; Build Type 'Release'
OS: 'Windows 10  (10.0.19045) 64bit Enterprise' Language: 'en' Physical Memory: 8129 MB
BatchMode: 1, IsHumanControllingUs: 0, StartBugReporterOnCrash: 0, Is64bit: 1, IsPro: 1

COMMAND LINE ARGUMENTS:
C:\Program Files\Unity\Hub\Editor\2021.3.14f1\Editor\Unity.exe
-adb2
-batchMode
-noUpm
-name
AssetImportWorker1
-projectPath
C:/Users/watsonfi/Documents/GitHub/Pirate_Unity/Pirate_Game
-logFile
Logs/AssetImportWorker1.log
-srvPort
65137
Successfully changed project path to: C:/Users/watsonfi/Documents/GitHub/Pirate_Unity/Pirate_Game
C:/Users/watsonfi/Documents/GitHub/Pirate_Unity/Pirate_Game
[UnityMemory] Configuration Parameters - Can be set up in boot.config
    "memorysetup-bucket-allocator-granularity=16"
    "memorysetup-bucket-allocator-bucket-count=8"
    "memorysetup-bucket-allocator-block-size=33554432"
    "memorysetup-bucket-allocator-block-count=8"
    "memorysetup-main-allocator-block-size=16777216"
    "memorysetup-thread-allocator-block-size=16777216"
    "memorysetup-gfx-main-allocator-block-size=16777216"
    "memorysetup-gfx-thread-allocator-block-size=16777216"
    "memorysetup-cache-allocator-block-size=4194304"
    "memorysetup-typetree-allocator-block-size=2097152"
    "memorysetup-profiler-bucket-allocator-granularity=16"
    "memorysetup-profiler-bucket-allocator-bucket-count=8"
    "memorysetup-profiler-bucket-allocator-block-size=33554432"
    "memorysetup-profiler-bucket-allocator-block-count=8"
    "memorysetup-profiler-allocator-block-size=16777216"
    "memorysetup-profiler-editor-allocator-block-size=1048576"
    "memorysetup-temp-allocator-size-main=16777216"
    "memorysetup-job-temp-allocator-block-size=2097152"
    "memorysetup-job-temp-allocator-block-size-background=1048576"
    "memorysetup-job-temp-allocator-reduction-small-platforms=262144"
    "memorysetup-temp-allocator-size-background-worker=32768"
    "memorysetup-temp-allocator-size-job-worker=262144"
    "memorysetup-temp-allocator-size-preload-manager=33554432"
    "memorysetup-temp-allocator-size-nav-mesh-worker=65536"
    "memorysetup-temp-allocator-size-audio-worker=65536"
    "memorysetup-temp-allocator-size-cloud-worker=32768"
    "memorysetup-temp-allocator-size-gi-baking-worker=262144"
    "memorysetup-temp-allocator-size-gfx=262144"
Refreshing native plugins compatible for Editor in 116.38 ms, found 3 plugins.
Preloading 0 native plugins for Editor in 0.00 ms.
Initialize engine version: 2021.3.14f1 (eee1884e7226)
[Subsystems] Discovering subsystems at path C:/Program Files/Unity/Hub/Editor/2021.3.14f1/Editor/Data/Resources/UnitySubsystems
[Subsystems] Discovering subsystems at path C:/Users/watsonfi/Documents/GitHub/Pirate_Unity/Pirate_Game/Assets
GfxDevice: creating device client; threaded=0; jobified=0
Direct3D:
    Version:  Direct3D 11.0 [level 11.0]
    Renderer: NVIDIA GeForce GT 610 (ID=0x104a)
    Vendor:   NVIDIA
    VRAM:     969 MB
    Driver:   23.21.13.9135
Initialize mono
Mono path[0] = 'C:/Program Files/Unity/Hub/Editor/2021.3.14f1/Editor/Data/Managed'
Mono path[1] = 'C:/Program Files/Unity/Hub/Editor/2021.3.14f1/Editor/Data/MonoBleedingEdge/lib/mono/unityjit-win32'
Mono config path = 'C:/Program Files/Unity/Hub/Editor/2021.3.14f1/Editor/Data/MonoBleedingEdge/etc'
Using monoOptions --debugger-agent=transport=dt_socket,embedding=1,server=y,suspend=n,address=127.0.0.1:56816
Begin MonoManager ReloadAssembly
Registering precompiled unity dll's ...
Register platform support module: C:/Program Files/Unity/Hub/Editor/2021.3.14f1/Editor/Data/PlaybackEngines/WebGLSupport/UnityEditor.WebGL.Extensions.dll
Register platform support module: C:/Program Files/Unity/Hub/Editor/2021.3.14f1/Editor/Data/PlaybackEngines/WindowsStandaloneSupport/UnityEditor.WindowsStandalone.Extensions.dll
Registered in 0.009714 seconds.
Native extension for WindowsStandalone target not found
Native extension for WebGL target not found
Refreshing native plugins compatible for Editor in 113.02 ms, found 3 plugins.
Preloading 0 native plugins for Editor in 0.00 ms.
Mono: successfully reloaded assembly
- Completed reload, in  0.898 seconds
Domain Reload Profiling:
	ReloadAssembly (899ms)
		BeginReloadAssembly (108ms)
			ExecutionOrderSort (0ms)
			DisableScriptedObjects (0ms)
			BackupInstance (0ms)
			ReleaseScriptingObjects (0ms)
			CreateAndSetChildDomain (1ms)
		EndReloadAssembly (646ms)
			LoadAssemblies (105ms)
			RebuildTransferFunctionScriptingTraits (0ms)
			SetupTypeCache (133ms)
			ReleaseScriptCaches (0ms)
			RebuildScriptCaches (42ms)
			SetupLoadedEditorAssemblies (403ms)
				LogAssemblyErrors (0ms)
				InitializePlatformSupportModulesInManaged (51ms)
				SetLoadedEditorAssemblies (0ms)
				RefreshPlugins (113ms)
				BeforeProcessingInitializeOnLoad (2ms)
				ProcessInitializeOnLoadAttributes (178ms)
				ProcessInitializeOnLoadMethodAttributes (59ms)
				AfterProcessingInitializeOnLoad (0ms)
				EditorAssembliesLoaded (0ms)
			ExecutionOrderSort2 (0ms)
			AwakeInstancesAfterBackupRestoration (0ms)
Platform modules already initialized, skipping
Registering precompiled user dll's ...
Registered in 0.007834 seconds.
Begin MonoManager ReloadAssembly
Symbol file LoadedFromMemory doesn't match image C:\Users\watsonfi\Documents\GitHub\Pirate_Unity\Pirate_Game\Library\PackageCache\com.unity.visualscripting@1.7.8\Editor\VisualScripting.Core\Dependencies\YamlDotNet\Unity.VisualScripting.YamlDotNet.dll
Symbol file LoadedFromMemory doesn't match image C:\Users\watsonfi\Documents\GitHub\Pirate_Unity\Pirate_Game\Library\PackageCache\com.unity.visualscripting@1.7.8\Editor\VisualScripting.Core\Dependencies\DotNetZip\Unity.VisualScripting.IonicZip.dll
Native extension for WindowsStandalone target not found
Native extension for WebGL target not found
Refreshing native plugins compatible for Editor in 0.83 ms, found 3 plugins.
Preloading 0 native plugins for Editor in 0.00 ms.
Mono: successfully reloaded assembly
- Completed reload, in  8.328 seconds
Domain Reload Profiling:
	ReloadAssembly (8329ms)
		BeginReloadAssembly (155ms)
			ExecutionOrderSort (0ms)
			DisableScriptedObjects (8ms)
			BackupInstance (0ms)
			ReleaseScriptingObjects (0ms)
			CreateAndSetChildDomain (26ms)
		EndReloadAssembly (8028ms)
			LoadAssemblies (4757ms)
			RebuildTransferFunctionScriptingTraits (0ms)
			SetupTypeCache (1288ms)
			ReleaseScriptCaches (1ms)
			RebuildScriptCaches (66ms)
			SetupLoadedEditorAssemblies (1870ms)
				LogAssemblyErrors (0ms)
				InitializePlatformSupportModulesInManaged (9ms)
				SetLoadedEditorAssemblies (1ms)
				RefreshPlugins (1ms)
				BeforeProcessingInitializeOnLoad (110ms)
				ProcessInitializeOnLoadAttributes (457ms)
				ProcessInitializeOnLoadMethodAttributes (1281ms)
				AfterProcessingInitializeOnLoad (11ms)
				EditorAssembliesLoaded (0ms)
			ExecutionOrderSort2 (0ms)
			AwakeInstancesAfterBackupRestoration (8ms)
Platform modules already initialized, skipping
========================================================================
Worker process is ready to serve import requests
Launched and connected shader compiler UnityShaderCompiler.exe after 0.10 seconds
Refreshing native plugins compatible for Editor in 0.80 ms, found 3 plugins.
Preloading 0 native plugins for Editor in 0.00 ms.
Unloading 3536 Unused Serialized files (Serialized files now loaded: 0)
Unloading 39 unused Assets / (1.3 MB). Loaded Objects now: 4001.
Memory consumption went from 147.5 MB to 146.2 MB.
Total: 4.797600 ms (FindLiveObjects: 0.336700 ms CreateObjectMapping: 0.329700 ms MarkObjects: 3.773800 ms  DeleteObjects: 0.356500 ms)

AssetImportParameters requested are different than current active one (requested -> active):
  custom:video-decoder-ogg-theora: a1e56fd34408186e4bbccfd4996cb3dc -> 
  custom:container-muxer-webm: aa71ff27fc2769a1b78a27578f13a17b -> 
  custom:container-demuxer-webm: 4f35f7cbe854078d1ac9338744f61a02 -> 
  custom:video-encoder-webm-vp8: eb34c28f22e8b96e1ab97ce403110664 -> 
  custom:audio-encoder-webm-vorbis: bf7c407c2cedff20999df2af8eb42d56 -> 
  custom:framework-win-MediaFoundation: 216162199b28c13a410421893ffa2e32 -> 
  custom:container-demuxer-ogg: 62fdf1f143b41e24485cea50d1cbac27 -> 
  custom:video-decoder-webm-vp8: 9c59270c3fd7afecdb556c50c9e8de78 -> 
  custom:audio-decoder-ogg-vorbis: bf7c407c2cedff20999df2af8eb42d56 -> 
========================================================================
Received Import Request.
  Time since last request: 160722.680469 seconds.
  path: Assets/Scripts/Enemy.cs
  artifactKey: Guid(b09c8de065d2487429dde86f629f640a) Importer(815301076,1909f56bfc062723c751e8b465ee728b)
Start importing Assets/Scripts/Enemy.cs using Guid(b09c8de065d2487429dde86f629f640a) Importer(815301076,1909f56bfc062723c751e8b465ee728b)  -> (artifact id: '87e72700dff22fcf4c18e80d20895995') in 0.061629 seconds 
========================================================================
Received Import Request.
  Time since last request: 120.606198 seconds.
  path: Assets/Scripts/Enemy.cs
  artifactKey: Guid(b09c8de065d2487429dde86f629f640a) Importer(815301076,1909f56bfc062723c751e8b465ee728b)
Start importing Assets/Scripts/Enemy.cs using Guid(b09c8de065d2487429dde86f629f640a) Importer(815301076,1909f56bfc062723c751e8b465ee728b)  -> (artifact id: '49a8b61aece1b04b5d1f85f24866706d') in 0.008081 seconds 
========================================================================
Received Import Request.
  Time since last request: 105.608840 seconds.
  path: Assets/Scripts/Enemy.cs
  artifactKey: Guid(b09c8de065d2487429dde86f629f640a) Importer(815301076,1909f56bfc062723c751e8b465ee728b)
Start importing Assets/Scripts/Enemy.cs using Guid(b09c8de065d2487429dde86f629f640a) Importer(815301076,1909f56bfc062723c751e8b465ee728b)  -> (artifact id: 'ee649d9cb2e35e67367c771e3f5b69bc') in 0.006084 seconds 
========================================================================
Received Import Request.
  Time since last request: 15.830386 seconds.
  path: Assets/Scripts/PlayerMovement.cs
  artifactKey: Guid(04cc5b072be119c41b45850808ee41bb) Importer(815301076,1909f56bfc062723c751e8b465ee728b)
Start importing Assets/Scripts/PlayerMovement.cs using Guid(04cc5b072be119c41b45850808ee41bb) Importer(815301076,1909f56bfc062723c751e8b465ee728b)  -> (artifact id: '10bed8a729e54a35a228b9b9daf95177') in 0.013474 seconds 
========================================================================
Received Import Request.
  Time since last request: 110.148428 seconds.
  path: Assets/Scripts/PlayerMovement.cs
  artifactKey: Guid(04cc5b072be119c41b45850808ee41bb) Importer(815301076,1909f56bfc062723c751e8b465ee728b)
Start importing Assets/Scripts/PlayerMovement.cs using Guid(04cc5b072be119c41b45850808ee41bb) Importer(815301076,1909f56bfc062723c751e8b465ee728b)  -> (artifact id: '44d5b60d8157d1d185267712aa62da0f') in 0.006548 seconds 
========================================================================
Received Import Request.
  Time since last request: 71.795078 seconds.
  path: Assets/Scripts/NewBehaviourScript.cs
  artifactKey: Guid(abf9d85f57c8faa4f9f8cf5503ee4e49) Importer(815301076,1909f56bfc062723c751e8b465ee728b)
Start importing Assets/Scripts/NewBehaviourScript.cs using Guid(abf9d85f57c8faa4f9f8cf5503ee4e49) Importer(815301076,1909f56bfc062723c751e8b465ee728b)  -> (artifact id: 'df4a36e9787f346b2350420a67821355') in 0.013747 seconds 
========================================================================
Received Import Request.
  Time since last request: 16.485482 seconds.
  path: Assets/Scripts/EnemyBaseState.cs
  artifactKey: Guid(3fe4cfe684ff8ee459cc68f13e1ea9ca) Importer(815301076,1909f56bfc062723c751e8b465ee728b)
Start importing Assets/Scripts/EnemyBaseState.cs using Guid(3fe4cfe684ff8ee459cc68f13e1ea9ca) Importer(815301076,1909f56bfc062723c751e8b465ee728b)  -> (artifact id: '3dcf09e96c5bb1d3045557ac22ba8070') in 0.013890 seconds 
========================================================================
Received Import Request.
  Time since last request: 43.321463 seconds.
  path: Assets/Scripts/EnemyBaseState.cs
  artifactKey: Guid(3fe4cfe684ff8ee459cc68f13e1ea9ca) Importer(815301076,1909f56bfc062723c751e8b465ee728b)
Start importing Assets/Scripts/EnemyBaseState.cs using Guid(3fe4cfe684ff8ee459cc68f13e1ea9ca) Importer(815301076,1909f56bfc062723c751e8b465ee728b)  -> (artifact id: 'e3be4736f694717e19870c900a8235f7') in 0.003905 seconds 
========================================================================
Received Import Request.
  Time since last request: 3742.114571 seconds.
  path: Assets/Scripts/EnemyBaseState.cs
  artifactKey: Guid(3fe4cfe684ff8ee459cc68f13e1ea9ca) Importer(815301076,1909f56bfc062723c751e8b465ee728b)
Start importing Assets/Scripts/EnemyBaseState.cs using Guid(3fe4cfe684ff8ee459cc68f13e1ea9ca) Importer(815301076,1909f56bfc062723c751e8b465ee728b)  -> (artifact id: 'c622c1e6c6191db842e34acbe62da0e1') in 0.022955 seconds 
