Using pre-set license
Built from '2021.3/staging' branch; Version is '2021.3.14f1 (eee1884e7226) revision 15655304'; Using compiler version '192829333'; Build Type 'Release'
OS: 'Windows 10  (10.0.19045) 64bit Enterprise' Language: 'en' Physical Memory: 8129 MB
BatchMode: 1, IsHumanControllingUs: 0, StartBugReporterOnCrash: 0, Is64bit: 1, IsPro: 1

COMMAND LINE ARGUMENTS:
C:\Program Files\Unity\Hub\Editor\2021.3.14f1\Editor\Unity.exe
-adb2
-batchMode
-noUpm
-name
AssetImportWorker0
-projectPath
C:/Users/watsonfi/Documents/GitHub/Pirate_Unity/Pirate_Game
-logFile
Logs/AssetImportWorker0.log
-srvPort
57569
Successfully changed project path to: C:/Users/watsonfi/Documents/GitHub/Pirate_Unity/Pirate_Game
C:/Users/watsonfi/Documents/GitHub/Pirate_Unity/Pirate_Game
[UnityMemory] Configuration Parameters - Can be set up in boot.config
    "memorysetup-bucket-allocator-granularity=16"
    "memorysetup-bucket-allocator-bucket-count=8"
    "memorysetup-bucket-allocator-block-size=33554432"
    "memorysetup-bucket-allocator-block-count=8"
    "memorysetup-main-allocator-block-size=16777216"
    "memorysetup-thread-allocator-block-size=16777216"
    "memorysetup-gfx-main-allocator-block-size=16777216"
    "memorysetup-gfx-thread-allocator-block-size=16777216"
    "memorysetup-cache-allocator-block-size=4194304"
    "memorysetup-typetree-allocator-block-size=2097152"
    "memorysetup-profiler-bucket-allocator-granularity=16"
    "memorysetup-profiler-bucket-allocator-bucket-count=8"
    "memorysetup-profiler-bucket-allocator-block-size=33554432"
    "memorysetup-profiler-bucket-allocator-block-count=8"
    "memorysetup-profiler-allocator-block-size=16777216"
    "memorysetup-profiler-editor-allocator-block-size=1048576"
    "memorysetup-temp-allocator-size-main=16777216"
    "memorysetup-job-temp-allocator-block-size=2097152"
    "memorysetup-job-temp-allocator-block-size-background=1048576"
    "memorysetup-job-temp-allocator-reduction-small-platforms=262144"
    "memorysetup-temp-allocator-size-background-worker=32768"
    "memorysetup-temp-allocator-size-job-worker=262144"
    "memorysetup-temp-allocator-size-preload-manager=33554432"
    "memorysetup-temp-allocator-size-nav-mesh-worker=65536"
    "memorysetup-temp-allocator-size-audio-worker=65536"
    "memorysetup-temp-allocator-size-cloud-worker=32768"
    "memorysetup-temp-allocator-size-gi-baking-worker=262144"
    "memorysetup-temp-allocator-size-gfx=262144"
Refreshing native plugins compatible for Editor in 106.09 ms, found 3 plugins.
Preloading 0 native plugins for Editor in 0.00 ms.
Initialize engine version: 2021.3.14f1 (eee1884e7226)
[Subsystems] Discovering subsystems at path C:/Program Files/Unity/Hub/Editor/2021.3.14f1/Editor/Data/Resources/UnitySubsystems
[Subsystems] Discovering subsystems at path C:/Users/watsonfi/Documents/GitHub/Pirate_Unity/Pirate_Game/Assets
GfxDevice: creating device client; threaded=0; jobified=0
Direct3D:
    Version:  Direct3D 11.0 [level 11.0]
    Renderer: NVIDIA GeForce GT 610 (ID=0x104a)
    Vendor:   NVIDIA
    VRAM:     969 MB
    Driver:   23.21.13.9135
Initialize mono
Mono path[0] = 'C:/Program Files/Unity/Hub/Editor/2021.3.14f1/Editor/Data/Managed'
Mono path[1] = 'C:/Program Files/Unity/Hub/Editor/2021.3.14f1/Editor/Data/MonoBleedingEdge/lib/mono/unityjit-win32'
Mono config path = 'C:/Program Files/Unity/Hub/Editor/2021.3.14f1/Editor/Data/MonoBleedingEdge/etc'
Using monoOptions --debugger-agent=transport=dt_socket,embedding=1,server=y,suspend=n,address=127.0.0.1:56384
Begin MonoManager ReloadAssembly
Registering precompiled unity dll's ...
Register platform support module: C:/Program Files/Unity/Hub/Editor/2021.3.14f1/Editor/Data/PlaybackEngines/WebGLSupport/UnityEditor.WebGL.Extensions.dll
Register platform support module: C:/Program Files/Unity/Hub/Editor/2021.3.14f1/Editor/Data/PlaybackEngines/WindowsStandaloneSupport/UnityEditor.WindowsStandalone.Extensions.dll
Registered in 0.009657 seconds.
Native extension for WindowsStandalone target not found
Native extension for WebGL target not found
Refreshing native plugins compatible for Editor in 100.12 ms, found 3 plugins.
Preloading 0 native plugins for Editor in 0.00 ms.
Mono: successfully reloaded assembly
- Completed reload, in  1.207 seconds
Domain Reload Profiling:
	ReloadAssembly (1207ms)
		BeginReloadAssembly (96ms)
			ExecutionOrderSort (0ms)
			DisableScriptedObjects (0ms)
			BackupInstance (0ms)
			ReleaseScriptingObjects (0ms)
			CreateAndSetChildDomain (1ms)
		EndReloadAssembly (801ms)
			LoadAssemblies (93ms)
			RebuildTransferFunctionScriptingTraits (0ms)
			SetupTypeCache (339ms)
			ReleaseScriptCaches (0ms)
			RebuildScriptCaches (35ms)
			SetupLoadedEditorAssemblies (362ms)
				LogAssemblyErrors (0ms)
				InitializePlatformSupportModulesInManaged (11ms)
				SetLoadedEditorAssemblies (0ms)
				RefreshPlugins (100ms)
				BeforeProcessingInitializeOnLoad (2ms)
				ProcessInitializeOnLoadAttributes (180ms)
				ProcessInitializeOnLoadMethodAttributes (68ms)
				AfterProcessingInitializeOnLoad (0ms)
				EditorAssembliesLoaded (0ms)
			ExecutionOrderSort2 (0ms)
			AwakeInstancesAfterBackupRestoration (0ms)
Platform modules already initialized, skipping
Registering precompiled user dll's ...
Registered in 0.008522 seconds.
Begin MonoManager ReloadAssembly
Symbol file LoadedFromMemory doesn't match image C:\Users\watsonfi\Documents\GitHub\Pirate_Unity\Pirate_Game\Library\PackageCache\com.unity.visualscripting@1.7.8\Editor\VisualScripting.Core\Dependencies\YamlDotNet\Unity.VisualScripting.YamlDotNet.dll
Symbol file LoadedFromMemory doesn't match image C:\Users\watsonfi\Documents\GitHub\Pirate_Unity\Pirate_Game\Library\PackageCache\com.unity.visualscripting@1.7.8\Editor\VisualScripting.Core\Dependencies\DotNetZip\Unity.VisualScripting.IonicZip.dll
Native extension for WindowsStandalone target not found
Native extension for WebGL target not found
Refreshing native plugins compatible for Editor in 0.76 ms, found 3 plugins.
Preloading 0 native plugins for Editor in 0.00 ms.
Mono: successfully reloaded assembly
- Completed reload, in  1.537 seconds
Domain Reload Profiling:
	ReloadAssembly (1538ms)
		BeginReloadAssembly (144ms)
			ExecutionOrderSort (0ms)
			DisableScriptedObjects (8ms)
			BackupInstance (0ms)
			ReleaseScriptingObjects (0ms)
			CreateAndSetChildDomain (24ms)
		EndReloadAssembly (1243ms)
			LoadAssemblies (110ms)
			RebuildTransferFunctionScriptingTraits (0ms)
			SetupTypeCache (341ms)
			ReleaseScriptCaches (1ms)
			RebuildScriptCaches (66ms)
			SetupLoadedEditorAssemblies (675ms)
				LogAssemblyErrors (0ms)
				InitializePlatformSupportModulesInManaged (9ms)
				SetLoadedEditorAssemblies (1ms)
				RefreshPlugins (1ms)
				BeforeProcessingInitializeOnLoad (136ms)
				ProcessInitializeOnLoadAttributes (486ms)
				ProcessInitializeOnLoadMethodAttributes (32ms)
				AfterProcessingInitializeOnLoad (10ms)
				EditorAssembliesLoaded (0ms)
			ExecutionOrderSort2 (0ms)
			AwakeInstancesAfterBackupRestoration (8ms)
Platform modules already initialized, skipping
========================================================================
Worker process is ready to serve import requests
Launched and connected shader compiler UnityShaderCompiler.exe after 0.10 seconds
Refreshing native plugins compatible for Editor in 0.73 ms, found 3 plugins.
Preloading 0 native plugins for Editor in 0.00 ms.
Unloading 3536 Unused Serialized files (Serialized files now loaded: 0)
Unloading 40 unused Assets / (1.3 MB). Loaded Objects now: 4000.
Memory consumption went from 147.5 MB to 146.2 MB.
Total: 3.871300 ms (FindLiveObjects: 0.340900 ms CreateObjectMapping: 0.166400 ms MarkObjects: 3.046800 ms  DeleteObjects: 0.316100 ms)

AssetImportParameters requested are different than current active one (requested -> active):
  custom:video-decoder-ogg-theora: a1e56fd34408186e4bbccfd4996cb3dc -> 
  custom:container-muxer-webm: aa71ff27fc2769a1b78a27578f13a17b -> 
  custom:container-demuxer-webm: 4f35f7cbe854078d1ac9338744f61a02 -> 
  custom:video-encoder-webm-vp8: eb34c28f22e8b96e1ab97ce403110664 -> 
  custom:audio-encoder-webm-vorbis: bf7c407c2cedff20999df2af8eb42d56 -> 
  custom:framework-win-MediaFoundation: 216162199b28c13a410421893ffa2e32 -> 
  custom:container-demuxer-ogg: 62fdf1f143b41e24485cea50d1cbac27 -> 
  custom:video-decoder-webm-vp8: 9c59270c3fd7afecdb556c50c9e8de78 -> 
  custom:audio-decoder-ogg-vorbis: bf7c407c2cedff20999df2af8eb42d56 -> 
========================================================================
Received Import Request.
  Time since last request: 1466767.177320 seconds.
  path: Assets/Characters/KayKit_Skeletons_1.0_FREE/KayKit_Skeletons_1.0_FREE/contents.png
  artifactKey: Guid(2db84044158faab47bfd77d1c60befdc) Importer(815301076,1909f56bfc062723c751e8b465ee728b)
Start importing Assets/Characters/KayKit_Skeletons_1.0_FREE/KayKit_Skeletons_1.0_FREE/contents.png using Guid(2db84044158faab47bfd77d1c60befdc) Importer(815301076,1909f56bfc062723c751e8b465ee728b)  -> (artifact id: 'dc63bf8c02354bb26ed1ac75d0539e90') in 0.265642 seconds 
========================================================================
Received Import Request.
  Time since last request: 2.997658 seconds.
  path: Assets/Characters/KayKit_Skeletons_1.0_FREE/KayKit_Skeletons_1.0_FREE/assets/fbx/Skeleton_Arrow-fc1d3f7f6792751d7f12d5bb5e1a8cf4_skeleton_texture.png
  artifactKey: Guid(daa78abdf937157499525ea55be31461) Importer(815301076,1909f56bfc062723c751e8b465ee728b)
Start importing Assets/Characters/KayKit_Skeletons_1.0_FREE/KayKit_Skeletons_1.0_FREE/assets/fbx/Skeleton_Arrow-fc1d3f7f6792751d7f12d5bb5e1a8cf4_skeleton_texture.png using Guid(daa78abdf937157499525ea55be31461) Importer(815301076,1909f56bfc062723c751e8b465ee728b)  -> (artifact id: '97e39502c301d68be4ca18adb0f368f6') in 0.062217 seconds 
========================================================================
Received Import Request.
  Time since last request: 0.000024 seconds.
  path: Assets/Characters/KayKit_Skeletons_1.0_FREE/KayKit_Skeletons_1.0_FREE/assets/fbx/Skeleton_Shield_Large_B-131f8d3688f09bc7985a89e37807ca95_skeleton_texture.png
  artifactKey: Guid(c97527d905cfc68459ba639c83c2efab) Importer(815301076,1909f56bfc062723c751e8b465ee728b)
Start importing Assets/Characters/KayKit_Skeletons_1.0_FREE/KayKit_Skeletons_1.0_FREE/assets/fbx/Skeleton_Shield_Large_B-131f8d3688f09bc7985a89e37807ca95_skeleton_texture.png using Guid(c97527d905cfc68459ba639c83c2efab) Importer(815301076,1909f56bfc062723c751e8b465ee728b)  -> (artifact id: '4fc83b5a63277e43bc85cf2c002e1978') in 0.037783 seconds 
========================================================================
Received Import Request.
  Time since last request: 0.000042 seconds.
  path: Assets/Characters/KayKit_Skeletons_1.0_FREE/KayKit_Skeletons_1.0_FREE/assets/fbx/Skeleton_Arrow_Half-e2e4dfeb7d07d7e8448000b8a537bb09_skeleton_texture.png
  artifactKey: Guid(57227fb4a5b9fcc498e558c483edc9b8) Importer(815301076,1909f56bfc062723c751e8b465ee728b)
Start importing Assets/Characters/KayKit_Skeletons_1.0_FREE/KayKit_Skeletons_1.0_FREE/assets/fbx/Skeleton_Arrow_Half-e2e4dfeb7d07d7e8448000b8a537bb09_skeleton_texture.png using Guid(57227fb4a5b9fcc498e558c483edc9b8) Importer(815301076,1909f56bfc062723c751e8b465ee728b)  -> (artifact id: '020a6fb6b43af17077fe4190e682c269') in 0.037053 seconds 
========================================================================
Received Import Request.
  Time since last request: 0.000019 seconds.
  path: Assets/Characters/KayKit_Skeletons_1.0_FREE/KayKit_Skeletons_1.0_FREE/assets/fbx/Skeleton_Blade-e838ea95c6745753aac04952809d9141_skeleton_texture.png
  artifactKey: Guid(cc63aa93414871b459be612635a00f08) Importer(815301076,1909f56bfc062723c751e8b465ee728b)
Start importing Assets/Characters/KayKit_Skeletons_1.0_FREE/KayKit_Skeletons_1.0_FREE/assets/fbx/Skeleton_Blade-e838ea95c6745753aac04952809d9141_skeleton_texture.png using Guid(cc63aa93414871b459be612635a00f08) Importer(815301076,1909f56bfc062723c751e8b465ee728b)  -> (artifact id: '4a729b461ecdcf3b7f5b7637ed5c783f') in 0.037467 seconds 
========================================================================
Received Import Request.
  Time since last request: 0.000026 seconds.
  path: Assets/Characters/KayKit_Skeletons_1.0_FREE/KayKit_Skeletons_1.0_FREE/assets/fbx/Skeleton_Staff-7b730d2ab7ce08252d54e98dadf8570e_skeleton_texture.png
  artifactKey: Guid(f9b7f49c7d5ee8c4788e1f6e687ef549) Importer(815301076,1909f56bfc062723c751e8b465ee728b)
Start importing Assets/Characters/KayKit_Skeletons_1.0_FREE/KayKit_Skeletons_1.0_FREE/assets/fbx/Skeleton_Staff-7b730d2ab7ce08252d54e98dadf8570e_skeleton_texture.png using Guid(f9b7f49c7d5ee8c4788e1f6e687ef549) Importer(815301076,1909f56bfc062723c751e8b465ee728b)  -> (artifact id: '6365bcd0166e23f8a3ca6715bf4f549f') in 0.038612 seconds 
========================================================================
Received Import Request.
  Time since last request: 0.000024 seconds.
  path: Assets/Characters/KayKit_Skeletons_1.0_FREE/KayKit_Skeletons_1.0_FREE/assets/fbx/Skeleton_Shield_Large_A-b6f2b7b6dc614b063e3c47b19c4b024c_skeleton_texture.png
  artifactKey: Guid(89506a37816babd4b933af74d712ce0b) Importer(815301076,1909f56bfc062723c751e8b465ee728b)
Start importing Assets/Characters/KayKit_Skeletons_1.0_FREE/KayKit_Skeletons_1.0_FREE/assets/fbx/Skeleton_Shield_Large_A-b6f2b7b6dc614b063e3c47b19c4b024c_skeleton_texture.png using Guid(89506a37816babd4b933af74d712ce0b) Importer(815301076,1909f56bfc062723c751e8b465ee728b)  -> (artifact id: '5d41aff96d11aeaa5b45f11558e079b8') in 0.039942 seconds 
========================================================================
Received Import Request.
  Time since last request: 0.000044 seconds.
  path: Assets/Characters/KayKit_Skeletons_1.0_FREE/KayKit_Skeletons_1.0_FREE/assets/fbx/Skeleton_Arrow_Broken-cecdbb2976f96c790c034dcd2f01b15f_skeleton_texture.png
  artifactKey: Guid(46927cfe8c32f6a4380963443ab9bccb) Importer(815301076,1909f56bfc062723c751e8b465ee728b)
Start importing Assets/Characters/KayKit_Skeletons_1.0_FREE/KayKit_Skeletons_1.0_FREE/assets/fbx/Skeleton_Arrow_Broken-cecdbb2976f96c790c034dcd2f01b15f_skeleton_texture.png using Guid(46927cfe8c32f6a4380963443ab9bccb) Importer(815301076,1909f56bfc062723c751e8b465ee728b)  -> (artifact id: '6fc6e31c8f04f114bc1709330142aeab') in 0.038503 seconds 
========================================================================
Received Import Request.
  Time since last request: 0.000035 seconds.
  path: Assets/Characters/KayKit_Skeletons_1.0_FREE/KayKit_Skeletons_1.0_FREE/assets/fbx/Skeleton_Shield_Small_B-75a8eb16067e961a2dab13c325979bb6_skeleton_texture.png
  artifactKey: Guid(9ccaf73c2e275fc499dcad3e947a7a1b) Importer(815301076,1909f56bfc062723c751e8b465ee728b)
Start importing Assets/Characters/KayKit_Skeletons_1.0_FREE/KayKit_Skeletons_1.0_FREE/assets/fbx/Skeleton_Shield_Small_B-75a8eb16067e961a2dab13c325979bb6_skeleton_texture.png using Guid(9ccaf73c2e275fc499dcad3e947a7a1b) Importer(815301076,1909f56bfc062723c751e8b465ee728b)  -> (artifact id: '7526688c6f2d5b0567d416a7b047893c') in 0.039105 seconds 
========================================================================
Received Import Request.
  Time since last request: 0.000029 seconds.
  path: Assets/Characters/KayKit_Skeletons_1.0_FREE/KayKit_Skeletons_1.0_FREE/assets/fbx/skeleton_texture.png
  artifactKey: Guid(c5b2a68ab3cc9e24e82ce90af81cde62) Importer(815301076,1909f56bfc062723c751e8b465ee728b)
Start importing Assets/Characters/KayKit_Skeletons_1.0_FREE/KayKit_Skeletons_1.0_FREE/assets/fbx/skeleton_texture.png using Guid(c5b2a68ab3cc9e24e82ce90af81cde62) Importer(815301076,1909f56bfc062723c751e8b465ee728b)  -> (artifact id: '8a025285e6e00c98115e44a3f930b7a8') in 0.057768 seconds 
========================================================================
Received Import Request.
  Time since last request: 0.000021 seconds.
  path: Assets/Characters/KayKit_Skeletons_1.0_FREE/KayKit_Skeletons_1.0_FREE/assets/fbx/Skeleton_Crossbow-34ddd9e4ebb1891288cf83c084f5e650_skeleton_texture.png
  artifactKey: Guid(d42a050a5d746bb4ea9e963b70d2ca5f) Importer(815301076,1909f56bfc062723c751e8b465ee728b)
Start importing Assets/Characters/KayKit_Skeletons_1.0_FREE/KayKit_Skeletons_1.0_FREE/assets/fbx/Skeleton_Crossbow-34ddd9e4ebb1891288cf83c084f5e650_skeleton_texture.png using Guid(d42a050a5d746bb4ea9e963b70d2ca5f) Importer(815301076,1909f56bfc062723c751e8b465ee728b)  -> (artifact id: '34a1a5df3c48847a5d8c8f5b5e1b3c81') in 0.038660 seconds 
========================================================================
Received Import Request.
  Time since last request: 0.000019 seconds.
  path: Assets/Characters/KayKit_Skeletons_1.0_FREE/KayKit_Skeletons_1.0_FREE/assets/fbx/Skeleton_Arrow_Broken_Half-b1c773f00ed9d2d5fb897f4feee70009_skeleton_texture.png
  artifactKey: Guid(bb59d14f8015a39469970bb3c511790c) Importer(815301076,1909f56bfc062723c751e8b465ee728b)
Start importing Assets/Characters/KayKit_Skeletons_1.0_FREE/KayKit_Skeletons_1.0_FREE/assets/fbx/Skeleton_Arrow_Broken_Half-b1c773f00ed9d2d5fb897f4feee70009_skeleton_texture.png using Guid(bb59d14f8015a39469970bb3c511790c) Importer(815301076,1909f56bfc062723c751e8b465ee728b)  -> (artifact id: '4467a8998f9b099cef9192d5bc393c4e') in 0.038360 seconds 
========================================================================
Received Import Request.
  Time since last request: 0.000023 seconds.
  path: Assets/Characters/KayKit_Skeletons_1.0_FREE/KayKit_Skeletons_1.0_FREE/assets/fbx/Skeleton_Quiver-5dd58477cd371e47ea96130ea6c7a836_skeleton_texture.png
  artifactKey: Guid(dfa6edb5adad56847bd01e99b66fd2fe) Importer(815301076,1909f56bfc062723c751e8b465ee728b)
Start importing Assets/Characters/KayKit_Skeletons_1.0_FREE/KayKit_Skeletons_1.0_FREE/assets/fbx/Skeleton_Quiver-5dd58477cd371e47ea96130ea6c7a836_skeleton_texture.png using Guid(dfa6edb5adad56847bd01e99b66fd2fe) Importer(815301076,1909f56bfc062723c751e8b465ee728b)  -> (artifact id: 'e18090c87b3b9953350f7bd62ac89609') in 0.037763 seconds 
========================================================================
Received Import Request.
  Time since last request: 0.000023 seconds.
  path: Assets/Characters/KayKit_Skeletons_1.0_FREE/KayKit_Skeletons_1.0_FREE/assets/fbx/Skeleton_Shield_Small_A-af1388e927abdfc405a3a6ffd1fc3854_skeleton_texture.png
  artifactKey: Guid(fc452f284745fe7439f0d02948de2103) Importer(815301076,1909f56bfc062723c751e8b465ee728b)
Start importing Assets/Characters/KayKit_Skeletons_1.0_FREE/KayKit_Skeletons_1.0_FREE/assets/fbx/Skeleton_Shield_Small_A-af1388e927abdfc405a3a6ffd1fc3854_skeleton_texture.png using Guid(fc452f284745fe7439f0d02948de2103) Importer(815301076,1909f56bfc062723c751e8b465ee728b)  -> (artifact id: '0fbb5153da7ba3527b637155ecc60aa5') in 0.035344 seconds 
========================================================================
Received Import Request.
  Time since last request: 0.000027 seconds.
  path: Assets/Characters/KayKit_Skeletons_1.0_FREE/KayKit_Skeletons_1.0_FREE/assets/fbx/Skeleton_Axe-1bcde5ed80677fe574771a03a589e92e_skeleton_texture.png
  artifactKey: Guid(46e02eb5a176a954cae8309f8c155808) Importer(815301076,1909f56bfc062723c751e8b465ee728b)
Start importing Assets/Characters/KayKit_Skeletons_1.0_FREE/KayKit_Skeletons_1.0_FREE/assets/fbx/Skeleton_Axe-1bcde5ed80677fe574771a03a589e92e_skeleton_texture.png using Guid(46e02eb5a176a954cae8309f8c155808) Importer(815301076,1909f56bfc062723c751e8b465ee728b)  -> (artifact id: '755082cb711674036dfc017b9a069c92') in 0.041553 seconds 
========================================================================
Received Import Request.
  Time since last request: 12.407481 seconds.
  path: Assets/Characters/KayKit_Skeletons_1.0_FREE/KayKit_Skeletons_1.0_FREE/characters/fbx/Skeleton_Mage-6465cf481e19effe86d9a0fdfd09a882_skeleton_texture.png
  artifactKey: Guid(01fc56e6a75e0114a949168c6780f314) Importer(815301076,1909f56bfc062723c751e8b465ee728b)
Start importing Assets/Characters/KayKit_Skeletons_1.0_FREE/KayKit_Skeletons_1.0_FREE/characters/fbx/Skeleton_Mage-6465cf481e19effe86d9a0fdfd09a882_skeleton_texture.png using Guid(01fc56e6a75e0114a949168c6780f314) Importer(815301076,1909f56bfc062723c751e8b465ee728b)  -> (artifact id: '7476c2f7f13e5da86ed424bdfff7219b') in 0.063212 seconds 
========================================================================
Received Import Request.
  Time since last request: 0.000024 seconds.
  path: Assets/Characters/KayKit_Skeletons_1.0_FREE/KayKit_Skeletons_1.0_FREE/characters/fbx/Skeleton_Minion-49b0f610e89fad98cc0fd3aef6020a9f_skeleton_texture.png
  artifactKey: Guid(5846cbff062904a4db97aedf2f1d478f) Importer(815301076,1909f56bfc062723c751e8b465ee728b)
Start importing Assets/Characters/KayKit_Skeletons_1.0_FREE/KayKit_Skeletons_1.0_FREE/characters/fbx/Skeleton_Minion-49b0f610e89fad98cc0fd3aef6020a9f_skeleton_texture.png using Guid(5846cbff062904a4db97aedf2f1d478f) Importer(815301076,1909f56bfc062723c751e8b465ee728b)  -> (artifact id: '217e855fd979af3ce5caa6592c2e154d') in 0.051114 seconds 
========================================================================
Received Import Request.
  Time since last request: 0.000022 seconds.
  path: Assets/Characters/KayKit_Skeletons_1.0_FREE/KayKit_Skeletons_1.0_FREE/characters/fbx/Skeleton_Warrior-c35168144ae4959676c95feea95836f0_skeleton_texture.png
  artifactKey: Guid(35ff64c88e2ab7340b653ccc6149de18) Importer(815301076,1909f56bfc062723c751e8b465ee728b)
Start importing Assets/Characters/KayKit_Skeletons_1.0_FREE/KayKit_Skeletons_1.0_FREE/characters/fbx/Skeleton_Warrior-c35168144ae4959676c95feea95836f0_skeleton_texture.png using Guid(35ff64c88e2ab7340b653ccc6149de18) Importer(815301076,1909f56bfc062723c751e8b465ee728b)  -> (artifact id: '2670aacad209b928cf3574fa3ba92795') in 0.047733 seconds 
========================================================================
Received Import Request.
  Time since last request: 0.000027 seconds.
  path: Assets/Characters/KayKit_Skeletons_1.0_FREE/KayKit_Skeletons_1.0_FREE/characters/fbx/Skeleton_Rogue-82b75a24152732c58e143006bb3bb664_skeleton_texture.png
  artifactKey: Guid(e27df335081a3dc45ae320c95c9c2e9b) Importer(815301076,1909f56bfc062723c751e8b465ee728b)
Start importing Assets/Characters/KayKit_Skeletons_1.0_FREE/KayKit_Skeletons_1.0_FREE/characters/fbx/Skeleton_Rogue-82b75a24152732c58e143006bb3bb664_skeleton_texture.png using Guid(e27df335081a3dc45ae320c95c9c2e9b) Importer(815301076,1909f56bfc062723c751e8b465ee728b)  -> (artifact id: 'b32fcdf31e22946e97f69a5d6239e856') in 0.037518 seconds 
========================================================================
Received Import Request.
  Time since last request: 0.000021 seconds.
  path: Assets/Characters/KayKit_Skeletons_1.0_FREE/KayKit_Skeletons_1.0_FREE/characters/fbx/skeleton_texture.png
  artifactKey: Guid(66a1ad15d91572b40b0548caf3e50720) Importer(815301076,1909f56bfc062723c751e8b465ee728b)
Start importing Assets/Characters/KayKit_Skeletons_1.0_FREE/KayKit_Skeletons_1.0_FREE/characters/fbx/skeleton_texture.png using Guid(66a1ad15d91572b40b0548caf3e50720) Importer(815301076,1909f56bfc062723c751e8b465ee728b)  -> (artifact id: '626dd35ed78d02c95d6bf950c02ec100') in 0.044461 seconds 
========================================================================
Received Import Request.
  Time since last request: 96.653484 seconds.
  path: Assets/Characters/KayKit_Skeletons_1.0_FREE/KayKit_Skeletons_1.0_FREE/characters/fbx/Skeleton_Minion.fbx.import
  artifactKey: Guid(f28ec097e77b0bd4f987758e18c8d13b) Importer(815301076,1909f56bfc062723c751e8b465ee728b)
Start importing Assets/Characters/KayKit_Skeletons_1.0_FREE/KayKit_Skeletons_1.0_FREE/characters/fbx/Skeleton_Minion.fbx.import using Guid(f28ec097e77b0bd4f987758e18c8d13b) Importer(815301076,1909f56bfc062723c751e8b465ee728b)  -> (artifact id: 'ac436d0e8e97994b82f7603d7d9e3abe') in 0.016260 seconds 
========================================================================
Received Import Request.
  Time since last request: 308.742758 seconds.
  path: Assets/Characters
  artifactKey: Guid(2ccac1410ceb03a498a2a96919c06635) Importer(815301076,1909f56bfc062723c751e8b465ee728b)
Start importing Assets/Characters using Guid(2ccac1410ceb03a498a2a96919c06635) Importer(815301076,1909f56bfc062723c751e8b465ee728b)  -> (artifact id: 'f08dd3ffdc3716b5478e84541cadec78') in 0.015366 seconds 
========================================================================
Received Import Request.
  Time since last request: 12.025383 seconds.
  path: Assets/Prefabs
  artifactKey: Guid(56b440765028ff84f86efce5e0388d20) Importer(815301076,1909f56bfc062723c751e8b465ee728b)
Start importing Assets/Prefabs using Guid(56b440765028ff84f86efce5e0388d20) Importer(815301076,1909f56bfc062723c751e8b465ee728b)  -> (artifact id: '5c1567bcdadc848c079d190f8c402691') in 0.012325 seconds 
========================================================================
Received Import Request.
  Time since last request: 4.629583 seconds.
  path: Assets/Prefabs/Skeleton.prefab
  artifactKey: Guid(95a36c63741a13242a62e3b9e5565dd2) Importer(815301076,1909f56bfc062723c751e8b465ee728b)
Start importing Assets/Prefabs/Skeleton.prefab using Guid(95a36c63741a13242a62e3b9e5565dd2) Importer(815301076,1909f56bfc062723c751e8b465ee728b)  -> (artifact id: 'd71a55e253c35696e2d5218e275d3b2d') in 0.139146 seconds 
